<?xml version="1.0" encoding="UTF-8"?>
<!-- Generated by org.testng.reporters.JUnitXMLReporter -->
<testsuite ignored="0" hostname="DESKTOP-O2MUR00" failures="0" tests="14" name="Default test" time="5.707" errors="0" timestamp="2024-01-04T15:09:49 IST">
  <testcase classname="com.sb.testcases.TC_Shop_seller" name="@BeforeMethod browseropening" time="5.464">
    <failure type="org.openqa.selenium.NoSuchWindowException" message="no such window: target window already closed
from unknown error: web view not found
  (Session info: chrome=120.0.6099.130)
Build info: version: &amp;apos;4.10.0&amp;apos;, revision: &amp;apos;c14d967899&amp;apos;
System info: os.name: &amp;apos;Windows 11&amp;apos;, os.arch: &amp;apos;amd64&amp;apos;, os.version: &amp;apos;10.0&amp;apos;, java.version: &amp;apos;17.0.7&amp;apos;
Driver info: org.openqa.selenium.chrome.ChromeDriver
Command: [e69786c6e912612662caa3e5571b5aac, findElement {using=xpath, value=//input[@name=&amp;apos;email&amp;apos;]}]
Capabilities {acceptInsecureCerts: false, browserName: chrome, browserVersion: 120.0.6099.130, chrome: {chromedriverVersion: 120.0.6099.109 (3419140ab66..., userDataDir: C:\Users\Digi-QA\AppData\Lo...}, fedcm:accounts: true, goog:chromeOptions: {debuggerAddress: localhost:60080}, networkConnectionEnabled: false, pageLoadStrategy: normal, platformName: windows, proxy: Proxy(), se:cdp: ws://localhost:60080/devtoo..., se:cdpVersion: 120.0.6099.130, setWindowRect: true, strictFileInteractability: false, timeouts: {implicit: 0, pageLoad: 300000, script: 30000}, unhandledPromptBehavior: dismiss and notify, webauthn:extension:credBlob: true, webauthn:extension:largeBlob: true, webauthn:extension:minPinLength: true, webauthn:extension:prf: true, webauthn:virtualAuthenticators: true}
Session ID: e69786c6e912612662caa3e5571b5aac">
      <![CDATA[org.openqa.selenium.NoSuchWindowException: no such window: target window already closed
from unknown error: web view not found
  (Session info: chrome=120.0.6099.130)
Build info: version: '4.10.0', revision: 'c14d967899'
System info: os.name: 'Windows 11', os.arch: 'amd64', os.version: '10.0', java.version: '17.0.7'
Driver info: org.openqa.selenium.chrome.ChromeDriver
Command: [e69786c6e912612662caa3e5571b5aac, findElement {using=xpath, value=//input[@name='email']}]
Capabilities {acceptInsecureCerts: false, browserName: chrome, browserVersion: 120.0.6099.130, chrome: {chromedriverVersion: 120.0.6099.109 (3419140ab66..., userDataDir: C:\Users\Digi-QA\AppData\Lo...}, fedcm:accounts: true, goog:chromeOptions: {debuggerAddress: localhost:60080}, networkConnectionEnabled: false, pageLoadStrategy: normal, platformName: windows, proxy: Proxy(), se:cdp: ws://localhost:60080/devtoo..., se:cdpVersion: 120.0.6099.130, setWindowRect: true, strictFileInteractability: false, timeouts: {implicit: 0, pageLoad: 300000, script: 30000}, unhandledPromptBehavior: dismiss and notify, webauthn:extension:credBlob: true, webauthn:extension:largeBlob: true, webauthn:extension:minPinLength: true, webauthn:extension:prf: true, webauthn:virtualAuthenticators: true}
Session ID: e69786c6e912612662caa3e5571b5aac
at java.base/jdk.internal.reflect.NativeConstructorAccessorImpl.newInstance0(Native Method)
at java.base/jdk.internal.reflect.NativeConstructorAccessorImpl.newInstance(NativeConstructorAccessorImpl.java:77)
at java.base/jdk.internal.reflect.DelegatingConstructorAccessorImpl.newInstance(DelegatingConstructorAccessorImpl.java:45)
at java.base/java.lang.reflect.Constructor.newInstanceWithCaller(Constructor.java:499)
at java.base/java.lang.reflect.Constructor.newInstance(Constructor.java:480)
at org.openqa.selenium.remote.codec.w3c.W3CHttpResponseCodec.createException(W3CHttpResponseCodec.java:199)
at org.openqa.selenium.remote.codec.w3c.W3CHttpResponseCodec.decode(W3CHttpResponseCodec.java:132)
at org.openqa.selenium.remote.codec.w3c.W3CHttpResponseCodec.decode(W3CHttpResponseCodec.java:51)
at org.openqa.selenium.remote.HttpCommandExecutor.execute(HttpCommandExecutor.java:191)
at org.openqa.selenium.remote.service.DriverCommandExecutor.invokeExecute(DriverCommandExecutor.java:196)
at org.openqa.selenium.remote.service.DriverCommandExecutor.execute(DriverCommandExecutor.java:171)
at org.openqa.selenium.remote.RemoteWebDriver.execute(RemoteWebDriver.java:531)
at org.openqa.selenium.remote.ElementLocation$ElementFinder$2.findElement(ElementLocation.java:165)
at org.openqa.selenium.remote.ElementLocation.findElement(ElementLocation.java:59)
at org.openqa.selenium.remote.RemoteWebDriver.findElement(RemoteWebDriver.java:350)
at org.openqa.selenium.remote.RemoteWebDriver.findElement(RemoteWebDriver.java:344)
at org.openqa.selenium.support.pagefactory.DefaultElementLocator.findElement(DefaultElementLocator.java:68)
at org.openqa.selenium.support.pagefactory.internal.LocatingElementHandler.invoke(LocatingElementHandler.java:38)
at jdk.proxy2/jdk.proxy2.$Proxy19.sendKeys(Unknown Source)
at com.sb.pageobject.login.seller.loginpage_verifyemail.enterEmail(loginpage_verifyemail.java:56)
at com.sb.testcases.TC_Shop_seller.browseropening(TC_Shop_seller.java:25)
at java.base/jdk.internal.reflect.NativeMethodAccessorImpl.invoke0(Native Method)
at java.base/jdk.internal.reflect.NativeMethodAccessorImpl.invoke(NativeMethodAccessorImpl.java:77)
at java.base/jdk.internal.reflect.DelegatingMethodAccessorImpl.invoke(DelegatingMethodAccessorImpl.java:43)
at java.base/java.lang.reflect.Method.invoke(Method.java:568)
at org.testng.internal.invokers.MethodInvocationHelper.invokeMethod(MethodInvocationHelper.java:139)
at org.testng.internal.invokers.MethodInvocationHelper.invokeMethodConsideringTimeout(MethodInvocationHelper.java:69)
at org.testng.internal.invokers.ConfigInvoker.invokeConfigurationMethod(ConfigInvoker.java:390)
at org.testng.internal.invokers.ConfigInvoker.invokeConfigurations(ConfigInvoker.java:325)
at org.testng.internal.invokers.TestInvoker.runConfigMethods(TestInvoker.java:810)
at org.testng.internal.invokers.TestInvoker.invokeMethod(TestInvoker.java:577)
at org.testng.internal.invokers.TestInvoker.invokeTestMethod(TestInvoker.java:227)
at org.testng.internal.invokers.MethodRunner.runInSequence(MethodRunner.java:50)
at org.testng.internal.invokers.TestInvoker$MethodInvocationAgent.invoke(TestInvoker.java:957)
at org.testng.internal.invokers.TestInvoker.invokeTestMethods(TestInvoker.java:200)
at org.testng.internal.invokers.TestMethodWorker.invokeTestMethods(TestMethodWorker.java:148)
at org.testng.internal.invokers.TestMethodWorker.run(TestMethodWorker.java:128)
at java.base/java.util.ArrayList.forEach(ArrayList.java:1511)
at org.testng.TestRunner.privateRun(TestRunner.java:848)
at org.testng.TestRunner.run(TestRunner.java:621)
at org.testng.SuiteRunner.runTest(SuiteRunner.java:443)
at org.testng.SuiteRunner.runSequentially(SuiteRunner.java:437)
at org.testng.SuiteRunner.privateRun(SuiteRunner.java:397)
at org.testng.SuiteRunner.run(SuiteRunner.java:336)
at org.testng.SuiteRunnerWorker.runSuite(SuiteRunnerWorker.java:52)
at org.testng.SuiteRunnerWorker.run(SuiteRunnerWorker.java:95)
at org.testng.TestNG.runSuitesSequentially(TestNG.java:1280)
at org.testng.TestNG.runSuitesLocally(TestNG.java:1200)
at org.testng.TestNG.runSuites(TestNG.java:1114)
at org.testng.TestNG.run(TestNG.java:1082)
at org.testng.remote.AbstractRemoteTestNG.run(AbstractRemoteTestNG.java:115)
at org.testng.remote.RemoteTestNG.initAndRun(RemoteTestNG.java:251)
at org.testng.remote.RemoteTestNG.main(RemoteTestNG.java:77)
]]>
    </failure>
  </testcase> <!-- @BeforeMethod browseropening -->
  <testcase classname="com.sb.baseclass.extentreports" name="@AfterMethod reportwithclose" time="0.0">
    <skipped/>
  </testcase> <!-- @AfterMethod reportwithclose -->
  <testcase classname="com.sb.testcases.TC_Shop_seller" name="@BeforeMethod browseropening" time="0.0">
    <skipped/>
  </testcase> <!-- @BeforeMethod browseropening -->
  <testcase classname="com.sb.baseclass.extentreports" name="@AfterMethod reportwithclose" time="0.0">
    <skipped/>
  </testcase> <!-- @AfterMethod reportwithclose -->
  <testcase classname="com.sb.testcases.TC_Shop_seller" name="@BeforeMethod browseropening" time="0.0">
    <skipped/>
  </testcase> <!-- @BeforeMethod browseropening -->
  <testcase classname="com.sb.baseclass.extentreports" name="@AfterMethod reportwithclose" time="0.0">
    <skipped/>
  </testcase> <!-- @AfterMethod reportwithclose -->
  <testcase classname="com.sb.testcases.TC_Shop_seller" name="@BeforeMethod browseropening" time="0.0">
    <skipped/>
  </testcase> <!-- @BeforeMethod browseropening -->
  <testcase classname="com.sb.baseclass.extentreports" name="@AfterMethod reportwithclose" time="0.0">
    <skipped/>
  </testcase> <!-- @AfterMethod reportwithclose -->
  <testcase classname="com.sb.testcases.TC_Shop_seller" name="@BeforeMethod browseropening" time="0.0">
    <skipped/>
  </testcase> <!-- @BeforeMethod browseropening -->
  <testcase classname="com.sb.baseclass.extentreports" name="@AfterMethod reportwithclose" time="0.0">
    <skipped/>
  </testcase> <!-- @AfterMethod reportwithclose -->
  <testcase classname="com.sb.testcases.TC_Shop_seller" name="@BeforeMethod browseropening" time="0.0">
    <skipped/>
  </testcase> <!-- @BeforeMethod browseropening -->
  <testcase classname="com.sb.baseclass.extentreports" name="@AfterMethod reportwithclose" time="0.0">
    <skipped/>
  </testcase> <!-- @AfterMethod reportwithclose -->
  <testcase classname="com.sb.testcases.TC_Shop_seller" name="@BeforeMethod browseropening" time="0.0">
    <skipped/>
  </testcase> <!-- @BeforeMethod browseropening -->
  <testcase classname="com.sb.baseclass.extentreports" name="@AfterMethod reportwithclose" time="0.0">
    <skipped/>
  </testcase> <!-- @AfterMethod reportwithclose -->
  <testcase classname="com.sb.testcases.TC_Shop_seller" name="@BeforeMethod browseropening" time="0.0">
    <skipped/>
  </testcase> <!-- @BeforeMethod browseropening -->
  <testcase classname="com.sb.baseclass.extentreports" name="@AfterMethod reportwithclose" time="0.0">
    <skipped/>
  </testcase> <!-- @AfterMethod reportwithclose -->
  <testcase classname="com.sb.testcases.TC_Shop_seller" name="@BeforeMethod browseropening" time="0.0">
    <skipped/>
  </testcase> <!-- @BeforeMethod browseropening -->
  <testcase classname="com.sb.baseclass.extentreports" name="@AfterMethod reportwithclose" time="0.0">
    <skipped/>
  </testcase> <!-- @AfterMethod reportwithclose -->
  <testcase classname="com.sb.testcases.TC_Shop_seller" name="@BeforeMethod browseropening" time="0.0">
    <skipped/>
  </testcase> <!-- @BeforeMethod browseropening -->
  <testcase classname="com.sb.baseclass.extentreports" name="@AfterMethod reportwithclose" time="0.0">
    <skipped/>
  </testcase> <!-- @AfterMethod reportwithclose -->
  <testcase classname="com.sb.testcases.TC_Shop_seller" name="@BeforeMethod browseropening" time="0.0">
    <skipped/>
  </testcase> <!-- @BeforeMethod browseropening -->
  <testcase classname="com.sb.baseclass.extentreports" name="@AfterMethod reportwithclose" time="0.0">
    <skipped/>
  </testcase> <!-- @AfterMethod reportwithclose -->
  <testcase classname="com.sb.testcases.TC_Shop_seller" name="@BeforeMethod browseropening" time="0.0">
    <skipped/>
  </testcase> <!-- @BeforeMethod browseropening -->
  <testcase classname="com.sb.baseclass.extentreports" name="@AfterMethod reportwithclose" time="0.0">
    <skipped/>
  </testcase> <!-- @AfterMethod reportwithclose -->
  <testcase classname="com.sb.testcases.TC_Shop_seller" name="@BeforeMethod browseropening" time="0.0">
    <skipped/>
  </testcase> <!-- @BeforeMethod browseropening -->
  <testcase classname="com.sb.baseclass.extentreports" name="@AfterMethod reportwithclose" time="0.0">
    <skipped/>
  </testcase> <!-- @AfterMethod reportwithclose -->
  <testcase classname="com.sb.testcases.TC_Shop_seller" name="@BeforeMethod browseropening" time="0.0">
    <skipped/>
  </testcase> <!-- @BeforeMethod browseropening -->
  <testcase classname="com.sb.baseclass.extentreports" name="@AfterMethod reportwithclose" time="0.0">
    <skipped/>
  </testcase> <!-- @AfterMethod reportwithclose -->
  <testcase classname="com.sb.baseclass.extentreports" name="@AfterTest end_report" time="0.0">
    <skipped/>
  </testcase> <!-- @AfterTest end_report -->
  <testcase classname="com.sb.testcases.TC_Shop_seller" name="TC_SF_001" time="0.0">
    <skipped/>
  </testcase> <!-- TC_SF_001 -->
  <testcase classname="com.sb.testcases.TC_Shop_seller" name="TC_SF_002" time="0.0">
    <skipped/>
  </testcase> <!-- TC_SF_002 -->
  <testcase classname="com.sb.testcases.TC_Shop_seller" name="TC_SF_003" time="0.0">
    <skipped/>
  </testcase> <!-- TC_SF_003 -->
  <testcase classname="com.sb.testcases.TC_Shop_seller" name="TC_SF_004" time="0.0">
    <skipped/>
  </testcase> <!-- TC_SF_004 -->
  <testcase classname="com.sb.testcases.TC_Shop_seller" name="TC_SF_005" time="0.0">
    <skipped/>
  </testcase> <!-- TC_SF_005 -->
  <testcase classname="com.sb.testcases.TC_Shop_seller" name="TC_SF_006" time="0.0">
    <skipped/>
  </testcase> <!-- TC_SF_006 -->
  <testcase classname="com.sb.testcases.TC_Shop_seller" name="TC_SF_007" time="0.0">
    <skipped/>
  </testcase> <!-- TC_SF_007 -->
  <testcase classname="com.sb.testcases.TC_Shop_seller" name="TC_SF_008" time="0.0">
    <skipped/>
  </testcase> <!-- TC_SF_008 -->
  <testcase classname="com.sb.testcases.TC_Shop_seller" name="TC_SF_009" time="0.0">
    <skipped/>
  </testcase> <!-- TC_SF_009 -->
  <testcase classname="com.sb.testcases.TC_Shop_seller" name="TC_SF_010" time="0.0">
    <skipped/>
  </testcase> <!-- TC_SF_010 -->
  <testcase classname="com.sb.testcases.TC_Shop_seller" name="TC_SF_011" time="0.0">
    <skipped/>
  </testcase> <!-- TC_SF_011 -->
  <testcase classname="com.sb.testcases.TC_Shop_seller" name="TC_SF_012" time="0.0">
    <skipped/>
  </testcase> <!-- TC_SF_012 -->
  <testcase classname="com.sb.testcases.TC_Shop_seller" name="TC_SF_013" time="0.001">
    <skipped/>
  </testcase> <!-- TC_SF_013 -->
  <testcase classname="com.sb.testcases.TC_Shop_seller" name="TC_SF_014" time="0.0">
    <skipped/>
  </testcase> <!-- TC_SF_014 -->
</testsuite> <!-- Default test -->
