<?xml version="1.0" encoding="UTF-8"?>
<!-- Generated by org.testng.reporters.JUnitReportReporter -->
<testsuite hostname="DESKTOP-O2MUR00" failures="0" tests="19" name="com.sb.testcases.TC_Productallproducts_seller" time="19.157" errors="1" timestamp="2023-09-22T12:35:35 IST" skipped="18">
  <testcase classname="com.sb.testcases.TC_Productallproducts_seller" name="TC_PF_023" time="19.157">
    <error message="element click intercepted: Element is not clickable at point (1086, -752)
  (Session info: chrome=116.0.5845.188)
Build info: version: &#039;4.10.0&#039;, revision: &#039;c14d967899&#039;
System info: os.name: &#039;Windows 11&#039;, os.arch: &#039;amd64&#039;, os.version: &#039;10.0&#039;, java.version: &#039;17.0.7&#039;
Driver info: org.openqa.selenium.chrome.ChromeDriver
Command: [a812bb343fa31d1bef4c805ed8f9ff7e, clickElement {id=2E60ED7AF284957517838AD95C2B3B84_element_201}]
Capabilities {acceptInsecureCerts: false, browserName: chrome, browserVersion: 116.0.5845.188, chrome: {chromedriverVersion: 116.0.5845.96 (1a3918166880..., userDataDir: C:\Users\Digi-QA\AppData\Lo...}, fedcm:accounts: true, goog:chromeOptions: {debuggerAddress: localhost:50118}, networkConnectionEnabled: false, pageLoadStrategy: normal, platformName: windows, proxy: Proxy(), se:cdp: ws://localhost:50118/devtoo..., se:cdpVersion: 116.0.5845.188, setWindowRect: true, strictFileInteractability: false, timeouts: {implicit: 0, pageLoad: 300000, script: 30000}, unhandledPromptBehavior: dismiss and notify, webauthn:extension:credBlob: true, webauthn:extension:largeBlob: true, webauthn:extension:minPinLength: true, webauthn:extension:prf: true, webauthn:virtualAuthenticators: true}
Element: [[ChromeDriver: chrome on windows (a812bb343fa31d1bef4c805ed8f9ff7e)] -&gt; xpath: //a[contains(text(),&#039;Price&#039;)]]
Session ID: a812bb343fa31d1bef4c805ed8f9ff7e" type="org.openqa.selenium.ElementClickInterceptedException">
      <![CDATA[org.openqa.selenium.ElementClickInterceptedException: element click intercepted: Element is not clickable at point (1086, -752)
  (Session info: chrome=116.0.5845.188)
Build info: version: '4.10.0', revision: 'c14d967899'
System info: os.name: 'Windows 11', os.arch: 'amd64', os.version: '10.0', java.version: '17.0.7'
Driver info: org.openqa.selenium.chrome.ChromeDriver
Command: [a812bb343fa31d1bef4c805ed8f9ff7e, clickElement {id=2E60ED7AF284957517838AD95C2B3B84_element_201}]
Capabilities {acceptInsecureCerts: false, browserName: chrome, browserVersion: 116.0.5845.188, chrome: {chromedriverVersion: 116.0.5845.96 (1a3918166880..., userDataDir: C:\Users\Digi-QA\AppData\Lo...}, fedcm:accounts: true, goog:chromeOptions: {debuggerAddress: localhost:50118}, networkConnectionEnabled: false, pageLoadStrategy: normal, platformName: windows, proxy: Proxy(), se:cdp: ws://localhost:50118/devtoo..., se:cdpVersion: 116.0.5845.188, setWindowRect: true, strictFileInteractability: false, timeouts: {implicit: 0, pageLoad: 300000, script: 30000}, unhandledPromptBehavior: dismiss and notify, webauthn:extension:credBlob: true, webauthn:extension:largeBlob: true, webauthn:extension:minPinLength: true, webauthn:extension:prf: true, webauthn:virtualAuthenticators: true}
Element: [[ChromeDriver: chrome on windows (a812bb343fa31d1bef4c805ed8f9ff7e)] -> xpath: //a[contains(text(),'Price')]]
Session ID: a812bb343fa31d1bef4c805ed8f9ff7e
at java.base/jdk.internal.reflect.NativeConstructorAccessorImpl.newInstance0(Native Method)
at java.base/jdk.internal.reflect.NativeConstructorAccessorImpl.newInstance(NativeConstructorAccessorImpl.java:77)
at java.base/jdk.internal.reflect.DelegatingConstructorAccessorImpl.newInstance(DelegatingConstructorAccessorImpl.java:45)
at java.base/java.lang.reflect.Constructor.newInstanceWithCaller(Constructor.java:499)
at java.base/java.lang.reflect.Constructor.newInstance(Constructor.java:480)
at org.openqa.selenium.remote.codec.w3c.W3CHttpResponseCodec.createException(W3CHttpResponseCodec.java:199)
at org.openqa.selenium.remote.codec.w3c.W3CHttpResponseCodec.decode(W3CHttpResponseCodec.java:132)
at org.openqa.selenium.remote.codec.w3c.W3CHttpResponseCodec.decode(W3CHttpResponseCodec.java:51)
at org.openqa.selenium.remote.HttpCommandExecutor.execute(HttpCommandExecutor.java:191)
at org.openqa.selenium.remote.service.DriverCommandExecutor.invokeExecute(DriverCommandExecutor.java:196)
at org.openqa.selenium.remote.service.DriverCommandExecutor.execute(DriverCommandExecutor.java:171)
at org.openqa.selenium.remote.RemoteWebDriver.execute(RemoteWebDriver.java:531)
at org.openqa.selenium.remote.RemoteWebElement.execute(RemoteWebElement.java:242)
at org.openqa.selenium.remote.RemoteWebElement.click(RemoteWebElement.java:77)
at java.base/jdk.internal.reflect.NativeMethodAccessorImpl.invoke0(Native Method)
at java.base/jdk.internal.reflect.NativeMethodAccessorImpl.invoke(NativeMethodAccessorImpl.java:77)
at java.base/jdk.internal.reflect.DelegatingMethodAccessorImpl.invoke(DelegatingMethodAccessorImpl.java:43)
at java.base/java.lang.reflect.Method.invoke(Method.java:568)
at org.openqa.selenium.support.pagefactory.internal.LocatingElementHandler.invoke(LocatingElementHandler.java:51)
at jdk.proxy2/jdk.proxy2.$Proxy18.click(Unknown Source)
at com.sb.pageogbject.products.seller.Productspage_allproducts.clickprice(Productspage_allproducts.java:526)
at com.sb.testcases.TC_Productallproducts_seller.TC_PF_023(TC_Productallproducts_seller.java:823)
at java.base/jdk.internal.reflect.NativeMethodAccessorImpl.invoke0(Native Method)
at java.base/jdk.internal.reflect.NativeMethodAccessorImpl.invoke(NativeMethodAccessorImpl.java:77)
at java.base/jdk.internal.reflect.DelegatingMethodAccessorImpl.invoke(DelegatingMethodAccessorImpl.java:43)
at java.base/java.lang.reflect.Method.invoke(Method.java:568)
at org.testng.internal.invokers.MethodInvocationHelper.invokeMethod(MethodInvocationHelper.java:139)
at org.testng.internal.invokers.TestInvoker.invokeMethod(TestInvoker.java:664)
at org.testng.internal.invokers.TestInvoker.invokeTestMethod(TestInvoker.java:227)
at org.testng.internal.invokers.MethodRunner.runInSequence(MethodRunner.java:50)
at org.testng.internal.invokers.TestInvoker$MethodInvocationAgent.invoke(TestInvoker.java:957)
at org.testng.internal.invokers.TestInvoker.invokeTestMethods(TestInvoker.java:200)
at org.testng.internal.invokers.TestMethodWorker.invokeTestMethods(TestMethodWorker.java:148)
at org.testng.internal.invokers.TestMethodWorker.run(TestMethodWorker.java:128)
at java.base/java.util.ArrayList.forEach(ArrayList.java:1511)
at org.testng.TestRunner.privateRun(TestRunner.java:848)
at org.testng.TestRunner.run(TestRunner.java:621)
at org.testng.SuiteRunner.runTest(SuiteRunner.java:443)
at org.testng.SuiteRunner.runSequentially(SuiteRunner.java:437)
at org.testng.SuiteRunner.privateRun(SuiteRunner.java:397)
at org.testng.SuiteRunner.run(SuiteRunner.java:336)
at org.testng.SuiteRunnerWorker.runSuite(SuiteRunnerWorker.java:52)
at org.testng.SuiteRunnerWorker.run(SuiteRunnerWorker.java:95)
at org.testng.TestNG.runSuitesSequentially(TestNG.java:1280)
at org.testng.TestNG.runSuitesLocally(TestNG.java:1200)
at org.testng.TestNG.runSuites(TestNG.java:1114)
at org.testng.TestNG.run(TestNG.java:1082)
at org.testng.remote.AbstractRemoteTestNG.run(AbstractRemoteTestNG.java:115)
at org.testng.remote.RemoteTestNG.initAndRun(RemoteTestNG.java:251)
at org.testng.remote.RemoteTestNG.main(RemoteTestNG.java:77)
]]>
    </error>
  </testcase> <!-- TC_PF_023 -->
  <testcase classname="com.sb.testcases.TC_Productallproducts_seller" name="TC_PF_009">
    <skipped/>
  </testcase> <!-- TC_PF_009 -->
  <testcase classname="com.sb.testcases.TC_Productallproducts_seller" name="TC_PF_010">
    <skipped/>
  </testcase> <!-- TC_PF_010 -->
  <testcase classname="com.sb.testcases.TC_Productallproducts_seller" name="TC_PF_032">
    <skipped/>
  </testcase> <!-- TC_PF_032 -->
  <testcase classname="com.sb.testcases.TC_Productallproducts_seller" name="TC_PF_031">
    <skipped/>
  </testcase> <!-- TC_PF_031 -->
  <testcase classname="com.sb.testcases.TC_Productallproducts_seller" name="TC_PF_033">
    <skipped/>
  </testcase> <!-- TC_PF_033 -->
  <testcase classname="com.sb.testcases.TC_Productallproducts_seller" name="TC_PF_030">
    <skipped/>
  </testcase> <!-- TC_PF_030 -->
  <testcase classname="com.sb.testcases.TC_Productallproducts_seller" name="TC_PF_007">
    <skipped/>
  </testcase> <!-- TC_PF_007 -->
  <testcase classname="com.sb.testcases.TC_Productallproducts_seller" name="TC_PF_006">
    <skipped/>
  </testcase> <!-- TC_PF_006 -->
  <testcase classname="com.sb.testcases.TC_Productallproducts_seller" name="TC_PF_008">
    <skipped/>
  </testcase> <!-- TC_PF_008 -->
  <testcase classname="com.sb.testcases.TC_Productallproducts_seller" name="TC_PF_036">
    <skipped/>
  </testcase> <!-- TC_PF_036 -->
  <testcase classname="com.sb.testcases.TC_Productallproducts_seller" name="TC_PF_003">
    <skipped/>
  </testcase> <!-- TC_PF_003 -->
  <testcase classname="com.sb.testcases.TC_Productallproducts_seller" name="TC_PF_035">
    <skipped/>
  </testcase> <!-- TC_PF_035 -->
  <testcase classname="com.sb.testcases.TC_Productallproducts_seller" name="TC_PF_002">
    <skipped/>
  </testcase> <!-- TC_PF_002 -->
  <testcase classname="com.sb.testcases.TC_Productallproducts_seller" name="TC_PF_038">
    <skipped/>
  </testcase> <!-- TC_PF_038 -->
  <testcase classname="com.sb.testcases.TC_Productallproducts_seller" name="TC_PF_005">
    <skipped/>
  </testcase> <!-- TC_PF_005 -->
  <testcase classname="com.sb.testcases.TC_Productallproducts_seller" name="TC_PF_037">
    <skipped/>
  </testcase> <!-- TC_PF_037 -->
  <testcase classname="com.sb.testcases.TC_Productallproducts_seller" name="TC_PF_004">
    <skipped/>
  </testcase> <!-- TC_PF_004 -->
  <testcase classname="com.sb.testcases.TC_Productallproducts_seller" name="TC_PF_001">
    <skipped/>
  </testcase> <!-- TC_PF_001 -->
</testsuite> <!-- com.sb.testcases.TC_Productallproducts_seller -->
