<?xml version="1.0" encoding="UTF-8"?>
<!-- Generated by org.testng.reporters.JUnitReportReporter -->
<testsuite hostname="DESKTOP-O2MUR00" failures="0" tests="12" name="com.sb.testcases.TC_Productoptions_seller" time="4.177" errors="1" timestamp="2023-09-22T18:48:32 IST" skipped="11">
  <testcase classname="com.sb.testcases.TC_Productoptions_seller" name="TC_AF_008" time="0.000">
    <skipped/>
  </testcase> <!-- TC_AF_008 -->
  <testcase classname="com.sb.testcases.TC_Productoptions_seller" name="TC_AF_010" time="0.000">
    <skipped/>
  </testcase> <!-- TC_AF_010 -->
  <testcase classname="com.sb.testcases.TC_Productoptions_seller" name="TC_AF_002" time="0.000">
    <skipped/>
  </testcase> <!-- TC_AF_002 -->
  <testcase classname="com.sb.testcases.TC_Productoptions_seller" name="TC_AF_003" time="0.000">
    <skipped/>
  </testcase> <!-- TC_AF_003 -->
  <testcase classname="com.sb.testcases.TC_Productoptions_seller" name="TC_AF_004" time="0.000">
    <skipped/>
  </testcase> <!-- TC_AF_004 -->
  <testcase classname="com.sb.testcases.TC_Productoptions_seller" name="browseropening" time="4.176">
    <error message="Cannot invoke &quot;org.openqa.selenium.SearchContext.findElement(org.openqa.selenium.By)&quot; because &quot;this.searchContext&quot; is null" type="java.lang.NullPointerException">
      <![CDATA[java.lang.NullPointerException: Cannot invoke "org.openqa.selenium.SearchContext.findElement(org.openqa.selenium.By)" because "this.searchContext" is null
at org.openqa.selenium.support.pagefactory.DefaultElementLocator.findElement(DefaultElementLocator.java:68)
at org.openqa.selenium.support.pagefactory.internal.LocatingElementHandler.invoke(LocatingElementHandler.java:38)
at jdk.proxy2/jdk.proxy2.$Proxy18.clear(Unknown Source)
at com.sb.pageobject.login.seller.loginpage_verifystore.enterStoreName(loginpage_verifystore.java:64)
at com.sb.testcases.TC_Productoptions_seller.browseropening(TC_Productoptions_seller.java:19)
at java.base/jdk.internal.reflect.NativeMethodAccessorImpl.invoke0(Native Method)
at java.base/jdk.internal.reflect.NativeMethodAccessorImpl.invoke(NativeMethodAccessorImpl.java:77)
at java.base/jdk.internal.reflect.DelegatingMethodAccessorImpl.invoke(DelegatingMethodAccessorImpl.java:43)
at java.base/java.lang.reflect.Method.invoke(Method.java:568)
at org.testng.internal.invokers.MethodInvocationHelper.invokeMethod(MethodInvocationHelper.java:139)
at org.testng.internal.invokers.MethodInvocationHelper.invokeMethodConsideringTimeout(MethodInvocationHelper.java:69)
at org.testng.internal.invokers.ConfigInvoker.invokeConfigurationMethod(ConfigInvoker.java:390)
at org.testng.internal.invokers.ConfigInvoker.invokeConfigurations(ConfigInvoker.java:325)
at org.testng.internal.invokers.TestInvoker.runConfigMethods(TestInvoker.java:810)
at org.testng.internal.invokers.TestInvoker.invokeMethod(TestInvoker.java:577)
at org.testng.internal.invokers.TestInvoker.invokeTestMethod(TestInvoker.java:227)
at org.testng.internal.invokers.MethodRunner.runInSequence(MethodRunner.java:50)
at org.testng.internal.invokers.TestInvoker$MethodInvocationAgent.invoke(TestInvoker.java:957)
at org.testng.internal.invokers.TestInvoker.invokeTestMethods(TestInvoker.java:200)
at org.testng.internal.invokers.TestMethodWorker.invokeTestMethods(TestMethodWorker.java:148)
at org.testng.internal.invokers.TestMethodWorker.run(TestMethodWorker.java:128)
at java.base/java.util.ArrayList.forEach(ArrayList.java:1511)
at org.testng.TestRunner.privateRun(TestRunner.java:848)
at org.testng.TestRunner.run(TestRunner.java:621)
at org.testng.SuiteRunner.runTest(SuiteRunner.java:443)
at org.testng.SuiteRunner.runSequentially(SuiteRunner.java:437)
at org.testng.SuiteRunner.privateRun(SuiteRunner.java:397)
at org.testng.SuiteRunner.run(SuiteRunner.java:336)
at org.testng.SuiteRunnerWorker.runSuite(SuiteRunnerWorker.java:52)
at org.testng.SuiteRunnerWorker.run(SuiteRunnerWorker.java:95)
at org.testng.TestNG.runSuitesSequentially(TestNG.java:1280)
at org.testng.TestNG.runSuitesLocally(TestNG.java:1200)
at org.testng.TestNG.runSuites(TestNG.java:1114)
at org.testng.TestNG.run(TestNG.java:1082)
at org.testng.remote.AbstractRemoteTestNG.run(AbstractRemoteTestNG.java:115)
at org.testng.remote.RemoteTestNG.initAndRun(RemoteTestNG.java:251)
at org.testng.remote.RemoteTestNG.main(RemoteTestNG.java:77)
]]>
    </error>
  </testcase> <!-- browseropening -->
  <testcase classname="com.sb.testcases.TC_Productoptions_seller" name="TC_AF_006" time="0.000">
    <skipped/>
  </testcase> <!-- TC_AF_006 -->
  <testcase classname="com.sb.testcases.TC_Productoptions_seller" name="TC_AF_007" time="0.000">
    <skipped/>
  </testcase> <!-- TC_AF_007 -->
  <testcase classname="com.sb.testcases.TC_Productoptions_seller" name="TC_AF_009" time="0.000">
    <skipped/>
  </testcase> <!-- TC_AF_009 -->
  <testcase classname="com.sb.testcases.TC_Productoptions_seller" name="TC_AF_012" time="0.000">
    <skipped/>
  </testcase> <!-- TC_AF_012 -->
  <testcase classname="com.sb.testcases.TC_Productoptions_seller" name="TC_AF_001" time="0.000">
    <skipped/>
  </testcase> <!-- TC_AF_001 -->
  <testcase classname="com.sb.testcases.TC_Productoptions_seller" name="TC_AF_005" time="0.001">
    <skipped/>
  </testcase> <!-- TC_AF_005 -->
</testsuite> <!-- com.sb.testcases.TC_Productoptions_seller -->
