<?xml version="1.0" encoding="UTF-8"?>
<!-- Generated by org.testng.reporters.JUnitReportReporter -->
<testsuite hostname="DESKTOP-O2MUR00" failures="0" tests="48" name="com.sb.testcases.TC_Onlinestore_seller" time="4.495" errors="1" timestamp="2023-09-20T11:29:01 IST" skipped="47">
  <testcase classname="com.sb.testcases.TC_Onlinestore_seller" name="browseropening" time="4.495">
    <error message="no such window: target window already closed
from unknown error: web view not found
  (Session info: chrome=116.0.5845.188)
Build info: version: &#039;4.10.0&#039;, revision: &#039;c14d967899&#039;
System info: os.name: &#039;Windows 11&#039;, os.arch: &#039;amd64&#039;, os.version: &#039;10.0&#039;, java.version: &#039;17.0.7&#039;
Driver info: org.openqa.selenium.chrome.ChromeDriver
Command: [bd17d51a9cdfc4ec72203a8f3e4cdf70, findElement {using=xpath, value=//input[@name=&#039;email&#039;]}]
Capabilities {acceptInsecureCerts: false, browserName: chrome, browserVersion: 116.0.5845.188, chrome: {chromedriverVersion: 116.0.5845.96 (1a3918166880..., userDataDir: C:\Users\Digi-QA\AppData\Lo...}, fedcm:accounts: true, goog:chromeOptions: {debuggerAddress: localhost:53999}, networkConnectionEnabled: false, pageLoadStrategy: normal, platformName: windows, proxy: Proxy(), se:cdp: ws://localhost:53999/devtoo..., se:cdpVersion: 116.0.5845.188, setWindowRect: true, strictFileInteractability: false, timeouts: {implicit: 0, pageLoad: 300000, script: 30000}, unhandledPromptBehavior: dismiss and notify, webauthn:extension:credBlob: true, webauthn:extension:largeBlob: true, webauthn:extension:minPinLength: true, webauthn:extension:prf: true, webauthn:virtualAuthenticators: true}
Session ID: bd17d51a9cdfc4ec72203a8f3e4cdf70" type="org.openqa.selenium.NoSuchWindowException">
      <![CDATA[org.openqa.selenium.NoSuchWindowException: no such window: target window already closed
from unknown error: web view not found
  (Session info: chrome=116.0.5845.188)
Build info: version: '4.10.0', revision: 'c14d967899'
System info: os.name: 'Windows 11', os.arch: 'amd64', os.version: '10.0', java.version: '17.0.7'
Driver info: org.openqa.selenium.chrome.ChromeDriver
Command: [bd17d51a9cdfc4ec72203a8f3e4cdf70, findElement {using=xpath, value=//input[@name='email']}]
Capabilities {acceptInsecureCerts: false, browserName: chrome, browserVersion: 116.0.5845.188, chrome: {chromedriverVersion: 116.0.5845.96 (1a3918166880..., userDataDir: C:\Users\Digi-QA\AppData\Lo...}, fedcm:accounts: true, goog:chromeOptions: {debuggerAddress: localhost:53999}, networkConnectionEnabled: false, pageLoadStrategy: normal, platformName: windows, proxy: Proxy(), se:cdp: ws://localhost:53999/devtoo..., se:cdpVersion: 116.0.5845.188, setWindowRect: true, strictFileInteractability: false, timeouts: {implicit: 0, pageLoad: 300000, script: 30000}, unhandledPromptBehavior: dismiss and notify, webauthn:extension:credBlob: true, webauthn:extension:largeBlob: true, webauthn:extension:minPinLength: true, webauthn:extension:prf: true, webauthn:virtualAuthenticators: true}
Session ID: bd17d51a9cdfc4ec72203a8f3e4cdf70
at java.base/jdk.internal.reflect.NativeConstructorAccessorImpl.newInstance0(Native Method)
at java.base/jdk.internal.reflect.NativeConstructorAccessorImpl.newInstance(NativeConstructorAccessorImpl.java:77)
at java.base/jdk.internal.reflect.DelegatingConstructorAccessorImpl.newInstance(DelegatingConstructorAccessorImpl.java:45)
at java.base/java.lang.reflect.Constructor.newInstanceWithCaller(Constructor.java:499)
at java.base/java.lang.reflect.Constructor.newInstance(Constructor.java:480)
at org.openqa.selenium.remote.codec.w3c.W3CHttpResponseCodec.createException(W3CHttpResponseCodec.java:199)
at org.openqa.selenium.remote.codec.w3c.W3CHttpResponseCodec.decode(W3CHttpResponseCodec.java:132)
at org.openqa.selenium.remote.codec.w3c.W3CHttpResponseCodec.decode(W3CHttpResponseCodec.java:51)
at org.openqa.selenium.remote.HttpCommandExecutor.execute(HttpCommandExecutor.java:191)
at org.openqa.selenium.remote.service.DriverCommandExecutor.invokeExecute(DriverCommandExecutor.java:196)
at org.openqa.selenium.remote.service.DriverCommandExecutor.execute(DriverCommandExecutor.java:171)
at org.openqa.selenium.remote.RemoteWebDriver.execute(RemoteWebDriver.java:531)
at org.openqa.selenium.remote.ElementLocation$ElementFinder$2.findElement(ElementLocation.java:165)
at org.openqa.selenium.remote.ElementLocation.findElement(ElementLocation.java:59)
at org.openqa.selenium.remote.RemoteWebDriver.findElement(RemoteWebDriver.java:350)
at org.openqa.selenium.remote.RemoteWebDriver.findElement(RemoteWebDriver.java:344)
at org.openqa.selenium.support.pagefactory.DefaultElementLocator.findElement(DefaultElementLocator.java:68)
at org.openqa.selenium.support.pagefactory.internal.LocatingElementHandler.invoke(LocatingElementHandler.java:38)
at jdk.proxy2/jdk.proxy2.$Proxy18.sendKeys(Unknown Source)
at com.sb.pageobject.login.seller.loginpage_verifyemail.enterEmail(loginpage_verifyemail.java:56)
at com.sb.testcases.TC_Onlinestore_seller.browseropening(TC_Onlinestore_seller.java:37)
at java.base/jdk.internal.reflect.NativeMethodAccessorImpl.invoke0(Native Method)
at java.base/jdk.internal.reflect.NativeMethodAccessorImpl.invoke(NativeMethodAccessorImpl.java:77)
at java.base/jdk.internal.reflect.DelegatingMethodAccessorImpl.invoke(DelegatingMethodAccessorImpl.java:43)
at java.base/java.lang.reflect.Method.invoke(Method.java:568)
at org.testng.internal.invokers.MethodInvocationHelper.invokeMethod(MethodInvocationHelper.java:139)
at org.testng.internal.invokers.MethodInvocationHelper.invokeMethodConsideringTimeout(MethodInvocationHelper.java:69)
at org.testng.internal.invokers.ConfigInvoker.invokeConfigurationMethod(ConfigInvoker.java:390)
at org.testng.internal.invokers.ConfigInvoker.invokeConfigurations(ConfigInvoker.java:325)
at org.testng.internal.invokers.TestInvoker.runConfigMethods(TestInvoker.java:810)
at org.testng.internal.invokers.TestInvoker.invokeMethod(TestInvoker.java:577)
at org.testng.internal.invokers.TestInvoker.invokeTestMethod(TestInvoker.java:227)
at org.testng.internal.invokers.MethodRunner.runInSequence(MethodRunner.java:50)
at org.testng.internal.invokers.TestInvoker$MethodInvocationAgent.invoke(TestInvoker.java:957)
at org.testng.internal.invokers.TestInvoker.invokeTestMethods(TestInvoker.java:200)
at org.testng.internal.invokers.TestMethodWorker.invokeTestMethods(TestMethodWorker.java:148)
at org.testng.internal.invokers.TestMethodWorker.run(TestMethodWorker.java:128)
at java.base/java.util.ArrayList.forEach(ArrayList.java:1511)
at org.testng.TestRunner.privateRun(TestRunner.java:848)
at org.testng.TestRunner.run(TestRunner.java:621)
at org.testng.SuiteRunner.runTest(SuiteRunner.java:443)
at org.testng.SuiteRunner.runSequentially(SuiteRunner.java:437)
at org.testng.SuiteRunner.privateRun(SuiteRunner.java:397)
at org.testng.SuiteRunner.run(SuiteRunner.java:336)
at org.testng.SuiteRunnerWorker.runSuite(SuiteRunnerWorker.java:52)
at org.testng.SuiteRunnerWorker.run(SuiteRunnerWorker.java:95)
at org.testng.TestNG.runSuitesSequentially(TestNG.java:1280)
at org.testng.TestNG.runSuitesLocally(TestNG.java:1200)
at org.testng.TestNG.runSuites(TestNG.java:1114)
at org.testng.TestNG.run(TestNG.java:1082)
at org.testng.remote.AbstractRemoteTestNG.run(AbstractRemoteTestNG.java:115)
at org.testng.remote.RemoteTestNG.initAndRun(RemoteTestNG.java:251)
at org.testng.remote.RemoteTestNG.main(RemoteTestNG.java:77)
]]>
    </error>
  </testcase> <!-- browseropening -->
  <testcase classname="com.sb.testcases.TC_Onlinestore_seller" name="TC_OSF_072" time="0.000">
    <skipped/>
  </testcase> <!-- TC_OSF_072 -->
  <testcase classname="com.sb.testcases.TC_Onlinestore_seller" name="TC_OSF_030">
    <skipped/>
  </testcase> <!-- TC_OSF_030 -->
  <testcase classname="com.sb.testcases.TC_Onlinestore_seller" name="TC_OSF_042">
    <skipped/>
  </testcase> <!-- TC_OSF_042 -->
  <testcase classname="com.sb.testcases.TC_Onlinestore_seller" name="TC_OSF_020">
    <skipped/>
  </testcase> <!-- TC_OSF_020 -->
  <testcase classname="com.sb.testcases.TC_Onlinestore_seller" name="TC_OSF_012">
    <skipped/>
  </testcase> <!-- TC_OSF_012 -->
  <testcase classname="com.sb.testcases.TC_Onlinestore_seller" name="TC_OSF_034">
    <skipped/>
  </testcase> <!-- TC_OSF_034 -->
  <testcase classname="com.sb.testcases.TC_Onlinestore_seller" name="TC_OSF_046">
    <skipped/>
  </testcase> <!-- TC_OSF_046 -->
  <testcase classname="com.sb.testcases.TC_Onlinestore_seller" name="TC_OSF_002">
    <skipped/>
  </testcase> <!-- TC_OSF_002 -->
  <testcase classname="com.sb.testcases.TC_Onlinestore_seller" name="TC_OSF_024">
    <skipped/>
  </testcase> <!-- TC_OSF_024 -->
  <testcase classname="com.sb.testcases.TC_Onlinestore_seller" name="TC_OSF_032">
    <skipped/>
  </testcase> <!-- TC_OSF_032 -->
  <testcase classname="com.sb.testcases.TC_Onlinestore_seller" name="TC_OSF_010">
    <skipped/>
  </testcase> <!-- TC_OSF_010 -->
  <testcase classname="com.sb.testcases.TC_Onlinestore_seller" name="TC_OSF_022">
    <skipped/>
  </testcase> <!-- TC_OSF_022 -->
  <testcase classname="com.sb.testcases.TC_Onlinestore_seller" name="TC_OSF_044">
    <skipped/>
  </testcase> <!-- TC_OSF_044 -->
  <testcase classname="com.sb.testcases.TC_Onlinestore_seller" name="TC_OSF_016">
    <skipped/>
  </testcase> <!-- TC_OSF_016 -->
  <testcase classname="com.sb.testcases.TC_Onlinestore_seller" name="TC_OSF_038">
    <skipped/>
  </testcase> <!-- TC_OSF_038 -->
  <testcase classname="com.sb.testcases.TC_Onlinestore_seller" name="TC_OSF_006">
    <skipped/>
  </testcase> <!-- TC_OSF_006 -->
  <testcase classname="com.sb.testcases.TC_Onlinestore_seller" name="TC_OSF_028">
    <skipped/>
  </testcase> <!-- TC_OSF_028 -->
  <testcase classname="com.sb.testcases.TC_Onlinestore_seller" name="TC_OSF_036">
    <skipped/>
  </testcase> <!-- TC_OSF_036 -->
  <testcase classname="com.sb.testcases.TC_Onlinestore_seller" name="TC_OSF_014">
    <skipped/>
  </testcase> <!-- TC_OSF_014 -->
  <testcase classname="com.sb.testcases.TC_Onlinestore_seller" name="TC_OSF_026">
    <skipped/>
  </testcase> <!-- TC_OSF_026 -->
  <testcase classname="com.sb.testcases.TC_Onlinestore_seller" name="TC_OSF_004">
    <skipped/>
  </testcase> <!-- TC_OSF_004 -->
  <testcase classname="com.sb.testcases.TC_Onlinestore_seller" name="TC_OSF_018">
    <skipped/>
  </testcase> <!-- TC_OSF_018 -->
  <testcase classname="com.sb.testcases.TC_Onlinestore_seller" name="TC_OSF_008">
    <skipped/>
  </testcase> <!-- TC_OSF_008 -->
  <testcase classname="com.sb.testcases.TC_Onlinestore_seller" name="TC_OSF_041">
    <skipped/>
  </testcase> <!-- TC_OSF_041 -->
  <testcase classname="com.sb.testcases.TC_Onlinestore_seller" name="TC_OSF_031">
    <skipped/>
  </testcase> <!-- TC_OSF_031 -->
  <testcase classname="com.sb.testcases.TC_Onlinestore_seller" name="TC_OSF_040">
    <skipped/>
  </testcase> <!-- TC_OSF_040 -->
  <testcase classname="com.sb.testcases.TC_Onlinestore_seller" name="TC_OSF_023">
    <skipped/>
  </testcase> <!-- TC_OSF_023 -->
  <testcase classname="com.sb.testcases.TC_Onlinestore_seller" name="TC_OSF_045">
    <skipped/>
  </testcase> <!-- TC_OSF_045 -->
  <testcase classname="com.sb.testcases.TC_Onlinestore_seller" name="TC_OSF_001">
    <skipped/>
  </testcase> <!-- TC_OSF_001 -->
  <testcase classname="com.sb.testcases.TC_Onlinestore_seller" name="TC_OSF_013">
    <skipped/>
  </testcase> <!-- TC_OSF_013 -->
  <testcase classname="com.sb.testcases.TC_Onlinestore_seller" name="TC_OSF_035">
    <skipped/>
  </testcase> <!-- TC_OSF_035 -->
  <testcase classname="com.sb.testcases.TC_Onlinestore_seller" name="TC_OSF_043">
    <skipped/>
  </testcase> <!-- TC_OSF_043 -->
  <testcase classname="com.sb.testcases.TC_Onlinestore_seller" name="TC_OSF_021">
    <skipped/>
  </testcase> <!-- TC_OSF_021 -->
  <testcase classname="com.sb.testcases.TC_Onlinestore_seller" name="TC_OSF_033">
    <skipped/>
  </testcase> <!-- TC_OSF_033 -->
  <testcase classname="com.sb.testcases.TC_Onlinestore_seller" name="TC_OSF_011">
    <skipped/>
  </testcase> <!-- TC_OSF_011 -->
  <testcase classname="com.sb.testcases.TC_Onlinestore_seller" name="TC_OSF_027">
    <skipped/>
  </testcase> <!-- TC_OSF_027 -->
  <testcase classname="com.sb.testcases.TC_Onlinestore_seller" name="TC_OSF_005">
    <skipped/>
  </testcase> <!-- TC_OSF_005 -->
  <testcase classname="com.sb.testcases.TC_Onlinestore_seller" name="TC_OSF_017">
    <skipped/>
  </testcase> <!-- TC_OSF_017 -->
  <testcase classname="com.sb.testcases.TC_Onlinestore_seller" name="TC_OSF_039">
    <skipped/>
  </testcase> <!-- TC_OSF_039 -->
  <testcase classname="com.sb.testcases.TC_Onlinestore_seller" name="TC_OSF_003">
    <skipped/>
  </testcase> <!-- TC_OSF_003 -->
  <testcase classname="com.sb.testcases.TC_Onlinestore_seller" name="TC_OSF_025">
    <skipped/>
  </testcase> <!-- TC_OSF_025 -->
  <testcase classname="com.sb.testcases.TC_Onlinestore_seller" name="TC_OSF_037">
    <skipped/>
  </testcase> <!-- TC_OSF_037 -->
  <testcase classname="com.sb.testcases.TC_Onlinestore_seller" name="TC_OSF_015">
    <skipped/>
  </testcase> <!-- TC_OSF_015 -->
  <testcase classname="com.sb.testcases.TC_Onlinestore_seller" name="TC_OSF_009">
    <skipped/>
  </testcase> <!-- TC_OSF_009 -->
  <testcase classname="com.sb.testcases.TC_Onlinestore_seller" name="TC_OSF_007">
    <skipped/>
  </testcase> <!-- TC_OSF_007 -->
  <testcase classname="com.sb.testcases.TC_Onlinestore_seller" name="TC_OSF_029">
    <skipped/>
  </testcase> <!-- TC_OSF_029 -->
  <testcase classname="com.sb.testcases.TC_Onlinestore_seller" name="TC_OSF_019">
    <skipped/>
  </testcase> <!-- TC_OSF_019 -->
</testsuite> <!-- com.sb.testcases.TC_Onlinestore_seller -->
