<?xml version="1.0" encoding="UTF-8"?>
<!-- Generated by org.testng.reporters.JUnitReportReporter -->
<testsuite hostname="DESKTOP-O2MUR00" failures="0" tests="36" name="com.sb.testcases.TC_Settings_seller" time="23.515" errors="2" timestamp="2023-09-21T23:21:25 IST" skipped="34">
  <testcase classname="com.sb.testcases.TC_Settings_seller" name="TC_SF_021" time="8.060">
    <skipped/>
  </testcase> <!-- TC_SF_021 -->
  <testcase classname="com.sb.testcases.TC_Settings_seller" name="TC_SF_008" time="0.000">
    <skipped/>
  </testcase> <!-- TC_SF_008 -->
  <testcase classname="com.sb.testcases.TC_Settings_seller" name="TC_SF_012" time="0.000">
    <skipped/>
  </testcase> <!-- TC_SF_012 -->
  <testcase classname="com.sb.testcases.TC_Settings_seller" name="TC_SF_019" time="0.000">
    <skipped/>
  </testcase> <!-- TC_SF_019 -->
  <testcase classname="com.sb.testcases.TC_Settings_seller" name="TC_SF_035" time="0.000">
    <skipped/>
  </testcase> <!-- TC_SF_035 -->
  <testcase classname="com.sb.testcases.TC_Settings_seller" name="TC_SF_004" time="0.000">
    <skipped/>
  </testcase> <!-- TC_SF_004 -->
  <testcase classname="com.sb.testcases.TC_Settings_seller" name="TC_SF_011" time="0.000">
    <skipped/>
  </testcase> <!-- TC_SF_011 -->
  <testcase classname="com.sb.testcases.TC_Settings_seller" name="TC_SF_010" time="0.000">
    <skipped/>
  </testcase> <!-- TC_SF_010 -->
  <testcase classname="com.sb.testcases.TC_Settings_seller" name="TC_SF_006" time="0.000">
    <skipped/>
  </testcase> <!-- TC_SF_006 -->
  <testcase classname="com.sb.testcases.TC_Settings_seller" name="TC_SF_009" time="0.000">
    <skipped/>
  </testcase> <!-- TC_SF_009 -->
  <testcase classname="com.sb.testcases.TC_Settings_seller" name="TC_SF_016" time="0.000">
    <skipped/>
  </testcase> <!-- TC_SF_016 -->
  <testcase classname="com.sb.testcases.TC_Settings_seller" name="browseropening" time="3.757">
    <error message="Unable to find element with locator By.xpath: //input[@name=&#039;email&#039;]
For documentation on this error, please visit: https://www.selenium.dev/documentation/webdriver/troubleshooting/errors#no-such-element-exception
Build info: version: &#039;4.10.0&#039;, revision: &#039;c14d967899&#039;
System info: os.name: &#039;Windows 11&#039;, os.arch: &#039;amd64&#039;, os.version: &#039;10.0&#039;, java.version: &#039;17.0.7&#039;
Driver info: driver.version: RemoteWebDriver" type="org.openqa.selenium.NoSuchElementException">
      <![CDATA[org.openqa.selenium.NoSuchElementException: Unable to find element with locator By.xpath: //input[@name='email']
For documentation on this error, please visit: https://www.selenium.dev/documentation/webdriver/troubleshooting/errors#no-such-element-exception
Build info: version: '4.10.0', revision: 'c14d967899'
System info: os.name: 'Windows 11', os.arch: 'amd64', os.version: '10.0', java.version: '17.0.7'
Driver info: driver.version: RemoteWebDriver
at org.openqa.selenium.remote.ElementLocation$ElementFinder$2.findElement(ElementLocation.java:168)
at org.openqa.selenium.remote.ElementLocation.findElement(ElementLocation.java:59)
at org.openqa.selenium.remote.RemoteWebDriver.findElement(RemoteWebDriver.java:350)
at org.openqa.selenium.remote.RemoteWebDriver.findElement(RemoteWebDriver.java:344)
at org.openqa.selenium.support.pagefactory.DefaultElementLocator.findElement(DefaultElementLocator.java:68)
at org.openqa.selenium.support.pagefactory.internal.LocatingElementHandler.invoke(LocatingElementHandler.java:38)
at jdk.proxy2/jdk.proxy2.$Proxy18.sendKeys(Unknown Source)
at com.sb.pageobject.login.seller.loginpage_verifyemail.enterEmail(loginpage_verifyemail.java:56)
at com.sb.testcases.TC_Settings_seller.browseropening(TC_Settings_seller.java:29)
at java.base/jdk.internal.reflect.NativeMethodAccessorImpl.invoke0(Native Method)
at java.base/jdk.internal.reflect.NativeMethodAccessorImpl.invoke(NativeMethodAccessorImpl.java:77)
at java.base/jdk.internal.reflect.DelegatingMethodAccessorImpl.invoke(DelegatingMethodAccessorImpl.java:43)
at java.base/java.lang.reflect.Method.invoke(Method.java:568)
at org.testng.internal.invokers.MethodInvocationHelper.invokeMethod(MethodInvocationHelper.java:139)
at org.testng.internal.invokers.MethodInvocationHelper.invokeMethodConsideringTimeout(MethodInvocationHelper.java:69)
at org.testng.internal.invokers.ConfigInvoker.invokeConfigurationMethod(ConfigInvoker.java:390)
at org.testng.internal.invokers.ConfigInvoker.invokeConfigurations(ConfigInvoker.java:325)
at org.testng.internal.invokers.TestInvoker.runConfigMethods(TestInvoker.java:810)
at org.testng.internal.invokers.TestInvoker.invokeMethod(TestInvoker.java:577)
at org.testng.internal.invokers.TestInvoker.invokeTestMethod(TestInvoker.java:227)
at org.testng.internal.invokers.MethodRunner.runInSequence(MethodRunner.java:50)
at org.testng.internal.invokers.TestInvoker$MethodInvocationAgent.invoke(TestInvoker.java:957)
at org.testng.internal.invokers.TestInvoker.invokeTestMethods(TestInvoker.java:200)
at org.testng.internal.invokers.TestMethodWorker.invokeTestMethods(TestMethodWorker.java:148)
at org.testng.internal.invokers.TestMethodWorker.run(TestMethodWorker.java:128)
at java.base/java.util.ArrayList.forEach(ArrayList.java:1511)
at org.testng.TestRunner.privateRun(TestRunner.java:848)
at org.testng.TestRunner.run(TestRunner.java:621)
at org.testng.SuiteRunner.runTest(SuiteRunner.java:443)
at org.testng.SuiteRunner.runSequentially(SuiteRunner.java:437)
at org.testng.SuiteRunner.privateRun(SuiteRunner.java:397)
at org.testng.SuiteRunner.run(SuiteRunner.java:336)
at org.testng.SuiteRunnerWorker.runSuite(SuiteRunnerWorker.java:52)
at org.testng.SuiteRunnerWorker.run(SuiteRunnerWorker.java:95)
at org.testng.TestNG.runSuitesSequentially(TestNG.java:1280)
at org.testng.TestNG.runSuitesLocally(TestNG.java:1200)
at org.testng.TestNG.runSuites(TestNG.java:1114)
at org.testng.TestNG.run(TestNG.java:1082)
at org.testng.remote.AbstractRemoteTestNG.run(AbstractRemoteTestNG.java:115)
at org.testng.remote.RemoteTestNG.initAndRun(RemoteTestNG.java:251)
at org.testng.remote.RemoteTestNG.main(RemoteTestNG.java:77)
]]>
    </error>
  </testcase> <!-- browseropening -->
  <testcase classname="com.sb.testcases.TC_Settings_seller" name="TC_SF_007" time="0.000">
    <skipped/>
  </testcase> <!-- TC_SF_007 -->
  <testcase classname="com.sb.testcases.TC_Settings_seller" name="TC_SF_015" time="0.000">
    <skipped/>
  </testcase> <!-- TC_SF_015 -->
  <testcase classname="com.sb.testcases.TC_Settings_seller" name="TC_SF_018" time="0.000">
    <skipped/>
  </testcase> <!-- TC_SF_018 -->
  <testcase classname="com.sb.testcases.TC_Settings_seller" name="TC_SF_013" time="0.000">
    <skipped/>
  </testcase> <!-- TC_SF_013 -->
  <testcase classname="com.sb.testcases.TC_Settings_seller" name="TC_SF_017" time="0.000">
    <skipped/>
  </testcase> <!-- TC_SF_017 -->
  <testcase classname="com.sb.testcases.TC_Settings_seller" name="TC_SF_005" time="0.000">
    <skipped/>
  </testcase> <!-- TC_SF_005 -->
  <testcase classname="com.sb.testcases.TC_Settings_seller" name="TC_SF_020" time="0.000">
    <skipped/>
  </testcase> <!-- TC_SF_020 -->
  <testcase classname="com.sb.testcases.TC_Settings_seller" name="TC_SF_002" time="0.000">
    <skipped/>
  </testcase> <!-- TC_SF_002 -->
  <testcase classname="com.sb.testcases.TC_Settings_seller" name="TC_SF_001" time="11.698">
    <error message="Unable to find element with locator By.xpath: (//button[@type=&#039;submit&#039;])[2]
For documentation on this error, please visit: https://www.selenium.dev/documentation/webdriver/troubleshooting/errors#no-such-element-exception
Build info: version: &#039;4.10.0&#039;, revision: &#039;c14d967899&#039;
System info: os.name: &#039;Windows 11&#039;, os.arch: &#039;amd64&#039;, os.version: &#039;10.0&#039;, java.version: &#039;17.0.7&#039;
Driver info: driver.version: RemoteWebDriver" type="org.openqa.selenium.NoSuchElementException">
      <![CDATA[org.openqa.selenium.NoSuchElementException: Unable to find element with locator By.xpath: (//button[@type='submit'])[2]
For documentation on this error, please visit: https://www.selenium.dev/documentation/webdriver/troubleshooting/errors#no-such-element-exception
Build info: version: '4.10.0', revision: 'c14d967899'
System info: os.name: 'Windows 11', os.arch: 'amd64', os.version: '10.0', java.version: '17.0.7'
Driver info: driver.version: RemoteWebDriver
at org.openqa.selenium.remote.ElementLocation$ElementFinder$2.findElement(ElementLocation.java:168)
at org.openqa.selenium.remote.ElementLocation.findElement(ElementLocation.java:59)
at org.openqa.selenium.remote.RemoteWebDriver.findElement(RemoteWebDriver.java:350)
at org.openqa.selenium.remote.RemoteWebDriver.findElement(RemoteWebDriver.java:344)
at org.openqa.selenium.support.pagefactory.DefaultElementLocator.findElement(DefaultElementLocator.java:68)
at org.openqa.selenium.support.pagefactory.internal.LocatingElementHandler.invoke(LocatingElementHandler.java:38)
at jdk.proxy2/jdk.proxy2.$Proxy18.click(Unknown Source)
at com.sb.pageobject.Settings.settings_userterms.submitbutton(settings_userterms.java:81)
at com.sb.testcases.TC_Settings_seller.TC_SF_001(TC_Settings_seller.java:48)
at java.base/jdk.internal.reflect.NativeMethodAccessorImpl.invoke0(Native Method)
at java.base/jdk.internal.reflect.NativeMethodAccessorImpl.invoke(NativeMethodAccessorImpl.java:77)
at java.base/jdk.internal.reflect.DelegatingMethodAccessorImpl.invoke(DelegatingMethodAccessorImpl.java:43)
at java.base/java.lang.reflect.Method.invoke(Method.java:568)
at org.testng.internal.invokers.MethodInvocationHelper.invokeMethod(MethodInvocationHelper.java:139)
at org.testng.internal.invokers.TestInvoker.invokeMethod(TestInvoker.java:664)
at org.testng.internal.invokers.TestInvoker.invokeTestMethod(TestInvoker.java:227)
at org.testng.internal.invokers.MethodRunner.runInSequence(MethodRunner.java:50)
at org.testng.internal.invokers.TestInvoker$MethodInvocationAgent.invoke(TestInvoker.java:957)
at org.testng.internal.invokers.TestInvoker.invokeTestMethods(TestInvoker.java:200)
at org.testng.internal.invokers.TestMethodWorker.invokeTestMethods(TestMethodWorker.java:148)
at org.testng.internal.invokers.TestMethodWorker.run(TestMethodWorker.java:128)
at java.base/java.util.ArrayList.forEach(ArrayList.java:1511)
at org.testng.TestRunner.privateRun(TestRunner.java:848)
at org.testng.TestRunner.run(TestRunner.java:621)
at org.testng.SuiteRunner.runTest(SuiteRunner.java:443)
at org.testng.SuiteRunner.runSequentially(SuiteRunner.java:437)
at org.testng.SuiteRunner.privateRun(SuiteRunner.java:397)
at org.testng.SuiteRunner.run(SuiteRunner.java:336)
at org.testng.SuiteRunnerWorker.runSuite(SuiteRunnerWorker.java:52)
at org.testng.SuiteRunnerWorker.run(SuiteRunnerWorker.java:95)
at org.testng.TestNG.runSuitesSequentially(TestNG.java:1280)
at org.testng.TestNG.runSuitesLocally(TestNG.java:1200)
at org.testng.TestNG.runSuites(TestNG.java:1114)
at org.testng.TestNG.run(TestNG.java:1082)
at org.testng.remote.AbstractRemoteTestNG.run(AbstractRemoteTestNG.java:115)
at org.testng.remote.RemoteTestNG.initAndRun(RemoteTestNG.java:251)
at org.testng.remote.RemoteTestNG.main(RemoteTestNG.java:77)
]]>
    </error>
  </testcase> <!-- TC_SF_001 -->
  <testcase classname="com.sb.testcases.TC_Settings_seller" name="TC_SF_014" time="0.000">
    <skipped/>
  </testcase> <!-- TC_SF_014 -->
  <testcase classname="com.sb.testcases.TC_Settings_seller" name="TC_SF_003" time="0.000">
    <skipped/>
  </testcase> <!-- TC_SF_003 -->
  <testcase classname="com.sb.testcases.TC_Settings_seller" name="TC_SF_031">
    <skipped/>
  </testcase> <!-- TC_SF_031 -->
  <testcase classname="com.sb.testcases.TC_Settings_seller" name="TC_SF_032">
    <skipped/>
  </testcase> <!-- TC_SF_032 -->
  <testcase classname="com.sb.testcases.TC_Settings_seller" name="TC_SF_024">
    <skipped/>
  </testcase> <!-- TC_SF_024 -->
  <testcase classname="com.sb.testcases.TC_Settings_seller" name="TC_SF_030">
    <skipped/>
  </testcase> <!-- TC_SF_030 -->
  <testcase classname="com.sb.testcases.TC_Settings_seller" name="TC_SF_033">
    <skipped/>
  </testcase> <!-- TC_SF_033 -->
  <testcase classname="com.sb.testcases.TC_Settings_seller" name="TC_SF_022">
    <skipped/>
  </testcase> <!-- TC_SF_022 -->
  <testcase classname="com.sb.testcases.TC_Settings_seller" name="TC_SF_025">
    <skipped/>
  </testcase> <!-- TC_SF_025 -->
  <testcase classname="com.sb.testcases.TC_Settings_seller" name="TC_SF_028">
    <skipped/>
  </testcase> <!-- TC_SF_028 -->
  <testcase classname="com.sb.testcases.TC_Settings_seller" name="TC_SF_026">
    <skipped/>
  </testcase> <!-- TC_SF_026 -->
  <testcase classname="com.sb.testcases.TC_Settings_seller" name="TC_SF_029">
    <skipped/>
  </testcase> <!-- TC_SF_029 -->
  <testcase classname="com.sb.testcases.TC_Settings_seller" name="TC_SF_027">
    <skipped/>
  </testcase> <!-- TC_SF_027 -->
  <testcase classname="com.sb.testcases.TC_Settings_seller" name="TC_SF_034">
    <skipped/>
  </testcase> <!-- TC_SF_034 -->
  <testcase classname="com.sb.testcases.TC_Settings_seller" name="TC_SF_023">
    <skipped/>
  </testcase> <!-- TC_SF_023 -->
</testsuite> <!-- com.sb.testcases.TC_Settings_seller -->
